<?xml version="1.0" encoding="UTF-8"?>
<coverage generated="1570794775238" clover="3.2.0">
  <project timestamp="1570794775238" name="All files">
    <metrics statements="56" coveredstatements="56" conditionals="25" coveredconditionals="25" methods="12" coveredmethods="12" elements="93" coveredelements="93" complexity="0" loc="56" ncloc="56" packages="1" files="3" classes="3"/>
    <file name="constructUrl.js" path="/Users/yml/Documents/web/qps-utils/src/constructUrl.js">
      <metrics statements="22" coveredstatements="22" conditionals="14" coveredconditionals="14" methods="3" coveredmethods="3"/>
      <line num="4" count="16" type="stmt"/>
      <line num="5" count="16" type="stmt"/>
      <line num="7" count="16" type="cond" truecount="2" falsecount="0"/>
      <line num="9" count="16" type="cond" truecount="2" falsecount="0"/>
      <line num="10" count="1" type="stmt"/>
      <line num="13" count="15" type="cond" truecount="4" falsecount="0"/>
      <line num="14" count="7" type="stmt"/>
      <line num="16" count="7" type="cond" truecount="2" falsecount="0"/>
      <line num="17" count="6" type="stmt"/>
      <line num="21" count="15" type="stmt"/>
      <line num="22" count="15" type="stmt"/>
      <line num="23" count="29" type="stmt"/>
      <line num="24" count="29" type="stmt"/>
      <line num="25" count="29" type="cond" truecount="2" falsecount="0"/>
      <line num="26" count="2" type="stmt"/>
      <line num="27" count="7" type="stmt"/>
      <line num="28" count="7" type="stmt"/>
      <line num="29" count="7" type="stmt"/>
      <line num="32" count="27" type="cond" truecount="2" falsecount="0"/>
      <line num="33" count="27" type="stmt"/>
      <line num="34" count="27" type="stmt"/>
      <line num="38" count="15" type="stmt"/>
    </file>
    <file name="index.js" path="/Users/yml/Documents/web/qps-utils/src/index.js">
      <metrics statements="1" coveredstatements="1" conditionals="0" coveredconditionals="0" methods="0" coveredmethods="0"/>
      <line num="6" count="1" type="stmt"/>
    </file>
    <file name="parse.js" path="/Users/yml/Documents/web/qps-utils/src/parse.js">
      <metrics statements="33" coveredstatements="33" conditionals="11" coveredconditionals="11" methods="9" coveredmethods="9"/>
      <line num="5" count="12" type="cond" truecount="1" falsecount="0"/>
      <line num="7" count="12" type="stmt"/>
      <line num="8" count="12" type="stmt"/>
      <line num="9" count="12" type="stmt"/>
      <line num="11" count="12" type="stmt"/>
      <line num="16" count="12" type="stmt"/>
      <line num="17" count="12" type="stmt"/>
      <line num="18" count="26" type="stmt"/>
      <line num="19" count="26" type="stmt"/>
      <line num="20" count="26" type="stmt"/>
      <line num="21" count="26" type="stmt"/>
      <line num="24" count="12" type="stmt"/>
      <line num="25" count="4" type="stmt"/>
      <line num="26" count="2" type="stmt"/>
      <line num="28" count="4" type="stmt"/>
      <line num="29" count="4" type="stmt"/>
      <line num="32" count="2" type="stmt"/>
      <line num="33" count="2" type="stmt"/>
      <line num="36" count="1" type="stmt"/>
      <line num="37" count="1" type="stmt"/>
      <line num="42" count="12" type="stmt"/>
      <line num="46" count="15" type="cond" truecount="2" falsecount="0"/>
      <line num="47" count="1" type="stmt"/>
      <line num="49" count="14" type="stmt"/>
      <line num="54" count="14" type="stmt"/>
      <line num="58" count="14" type="stmt"/>
      <line num="62" count="26" type="cond" truecount="2" falsecount="0"/>
      <line num="63" count="2" type="stmt"/>
      <line num="64" count="24" type="cond" truecount="2" falsecount="0"/>
      <line num="65" count="1" type="stmt"/>
      <line num="67" count="23" type="cond" truecount="4" falsecount="0"/>
      <line num="68" count="3" type="stmt"/>
      <line num="70" count="20" type="stmt"/>
    </file>
  </project>
</coverage>
