{"/home/abdul/Code/Web/qps-utils/src/add.js": {"path":"/home/abdul/Code/Web/qps-utils/src/add.js","statementMap":{"0":{"start":{"line":4,"column":16},"end":{"line":8,"column":3}},"1":{"start":{"line":10,"column":18},"end":{"line":16,"column":3}},"2":{"start":{"line":12,"column":6},"end":{"line":12,"column":32}},"3":{"start":{"line":13,"column":6},"end":{"line":13,"column":21}},"4":{"start":{"line":18,"column":2},"end":{"line":18,"column":17}}},"fnMap":{"0":{"name":"add","decl":{"start":{"line":3,"column":24},"end":{"line":3,"column":27}},"loc":{"start":{"line":3,"column":40},"end":{"line":19,"column":1}},"line":3},"1":{"name":"(anonymous_1)","decl":{"start":{"line":11,"column":9},"end":{"line":11,"column":10}},"loc":{"start":{"line":11,"column":25},"end":{"line":14,"column":5}},"line":11}},"branchMap":{},"s":{"0":3,"1":3,"2":3,"3":3,"4":3},"f":{"0":3,"1":3},"b":{},"_coverageSchema":"43e27e138ebf9cfc5966b082cf9a028302ed4184","hash":"142df2b343d8c1a9561cd500f7e1d5ec61042c75"}
,"/home/abdul/Code/Web/qps-utils/src/baseUrl.js": {"path":"/home/abdul/Code/Web/qps-utils/src/baseUrl.js","statementMap":{"0":{"start":{"line":4,"column":14},"end":{"line":4,"column":26}},"1":{"start":{"line":5,"column":23},"end":{"line":5,"column":39}},"2":{"start":{"line":6,"column":2},"end":{"line":8,"column":3}},"3":{"start":{"line":7,"column":4},"end":{"line":7,"column":15}},"4":{"start":{"line":9,"column":2},"end":{"line":9,"column":40}},"5":{"start":{"line":13,"column":16},"end":{"line":16,"column":3}},"6":{"start":{"line":18,"column":18},"end":{"line":24,"column":3}},"7":{"start":{"line":20,"column":6},"end":{"line":20,"column":32}},"8":{"start":{"line":21,"column":6},"end":{"line":21,"column":21}},"9":{"start":{"line":26,"column":2},"end":{"line":26,"column":17}}},"fnMap":{"0":{"name":"getBaseUrl","decl":{"start":{"line":3,"column":16},"end":{"line":3,"column":26}},"loc":{"start":{"line":3,"column":29},"end":{"line":10,"column":1}},"line":3},"1":{"name":"baseUrl","decl":{"start":{"line":12,"column":24},"end":{"line":12,"column":31}},"loc":{"start":{"line":12,"column":47},"end":{"line":27,"column":1}},"line":12},"2":{"name":"(anonymous_2)","decl":{"start":{"line":19,"column":9},"end":{"line":19,"column":10}},"loc":{"start":{"line":19,"column":25},"end":{"line":22,"column":5}},"line":19}},"branchMap":{"0":{"loc":{"start":{"line":6,"column":2},"end":{"line":8,"column":3}},"type":"if","locations":[{"start":{"line":6,"column":2},"end":{"line":8,"column":3}},{"start":{"line":6,"column":2},"end":{"line":8,"column":3}}],"line":6}},"s":{"0":3,"1":3,"2":3,"3":1,"4":2,"5":4,"6":4,"7":2,"8":2,"9":4},"f":{"0":3,"1":4,"2":2},"b":{"0":[1,2]},"_coverageSchema":"43e27e138ebf9cfc5966b082cf9a028302ed4184","hash":"2e871735799c3ed7bb5e0ee66f351463fc0f9259"}
,"/home/abdul/Code/Web/qps-utils/src/constructUrl.js": {"path":"/home/abdul/Code/Web/qps-utils/src/constructUrl.js","statementMap":{"0":{"start":{"line":4,"column":12},"end":{"line":4,"column":14}},"1":{"start":{"line":5,"column":16},"end":{"line":5,"column":18}},"2":{"start":{"line":7,"column":22},"end":{"line":7,"column":78}},"3":{"start":{"line":9,"column":2},"end":{"line":11,"column":3}},"4":{"start":{"line":10,"column":4},"end":{"line":10,"column":14}},"5":{"start":{"line":13,"column":2},"end":{"line":19,"column":3}},"6":{"start":{"line":14,"column":4},"end":{"line":14,"column":24}},"7":{"start":{"line":16,"column":4},"end":{"line":18,"column":5}},"8":{"start":{"line":17,"column":6},"end":{"line":17,"column":17}},"9":{"start":{"line":21,"column":19},"end":{"line":21,"column":43}},"10":{"start":{"line":22,"column":2},"end":{"line":27,"column":5}},"11":{"start":{"line":23,"column":4},"end":{"line":25,"column":8}},"12":{"start":{"line":26,"column":4},"end":{"line":26,"column":20}},"13":{"start":{"line":29,"column":2},"end":{"line":29,"column":13}}},"fnMap":{"0":{"name":"constructUrl","decl":{"start":{"line":3,"column":24},"end":{"line":3,"column":36}},"loc":{"start":{"line":3,"column":50},"end":{"line":30,"column":1}},"line":3},"1":{"name":"(anonymous_1)","decl":{"start":{"line":22,"column":19},"end":{"line":22,"column":20}},"loc":{"start":{"line":22,"column":26},"end":{"line":27,"column":3}},"line":22}},"branchMap":{"0":{"loc":{"start":{"line":7,"column":22},"end":{"line":7,"column":78}},"type":"cond-expr","locations":[{"start":{"line":7,"column":55},"end":{"line":7,"column":64}},{"start":{"line":7,"column":67},"end":{"line":7,"column":78}}],"line":7},"1":{"loc":{"start":{"line":9,"column":2},"end":{"line":11,"column":3}},"type":"if","locations":[{"start":{"line":9,"column":2},"end":{"line":11,"column":3}},{"start":{"line":9,"column":2},"end":{"line":11,"column":3}}],"line":9},"2":{"loc":{"start":{"line":13,"column":2},"end":{"line":19,"column":3}},"type":"if","locations":[{"start":{"line":13,"column":2},"end":{"line":19,"column":3}},{"start":{"line":13,"column":2},"end":{"line":19,"column":3}}],"line":13},"3":{"loc":{"start":{"line":13,"column":6},"end":{"line":13,"column":65}},"type":"binary-expr","locations":[{"start":{"line":13,"column":6},"end":{"line":13,"column":38}},{"start":{"line":13,"column":42},"end":{"line":13,"column":65}}],"line":13},"4":{"loc":{"start":{"line":16,"column":4},"end":{"line":18,"column":5}},"type":"if","locations":[{"start":{"line":16,"column":4},"end":{"line":18,"column":5}},{"start":{"line":16,"column":4},"end":{"line":18,"column":5}}],"line":16}},"s":{"0":11,"1":11,"2":11,"3":11,"4":1,"5":10,"6":7,"7":7,"8":6,"9":10,"10":10,"11":19,"12":19,"13":10},"f":{"0":11,"1":19},"b":{"0":[9,2],"1":[1,10],"2":[7,3],"3":[10,8],"4":[6,1]},"_coverageSchema":"43e27e138ebf9cfc5966b082cf9a028302ed4184","hash":"2f722b5adcba591a97738696ecfd4a3fe3ab27c1"}
,"/home/abdul/Code/Web/qps-utils/src/index.js": {"path":"/home/abdul/Code/Web/qps-utils/src/index.js","statementMap":{},"fnMap":{},"branchMap":{},"s":{},"f":{},"b":{},"hash":"638c20c99fc2770524f07ab4c9c73d98df821af8"}
,"/home/abdul/Code/Web/qps-utils/src/parse.js": {"path":"/home/abdul/Code/Web/qps-utils/src/parse.js","statementMap":{"0":{"start":{"line":5,"column":27},"end":{"line":5,"column":31}},"1":{"start":{"line":7,"column":23},"end":{"line":7,"column":43}},"2":{"start":{"line":8,"column":22},"end":{"line":8,"column":57}},"3":{"start":{"line":9,"column":18},"end":{"line":9,"column":40}},"4":{"start":{"line":11,"column":18},"end":{"line":14,"column":3}},"5":{"start":{"line":16,"column":19},"end":{"line":16,"column":26}},"6":{"start":{"line":17,"column":2},"end":{"line":22,"column":5}},"7":{"start":{"line":18,"column":25},"end":{"line":18,"column":41}},"8":{"start":{"line":19,"column":4},"end":{"line":21,"column":6}},"9":{"start":{"line":24,"column":18},"end":{"line":40,"column":3}},"10":{"start":{"line":25,"column":15},"end":{"line":25,"column":19}},"11":{"start":{"line":26,"column":16},"end":{"line":26,"column":25}},"12":{"start":{"line":28,"column":6},"end":{"line":28,"column":64}},"13":{"start":{"line":29,"column":6},"end":{"line":29,"column":21}},"14":{"start":{"line":32,"column":6},"end":{"line":32,"column":43}},"15":{"start":{"line":33,"column":6},"end":{"line":33,"column":21}},"16":{"start":{"line":36,"column":6},"end":{"line":36,"column":35}},"17":{"start":{"line":37,"column":6},"end":{"line":37,"column":21}},"18":{"start":{"line":42,"column":2},"end":{"line":42,"column":17}},"19":{"start":{"line":46,"column":2},"end":{"line":48,"column":3}},"20":{"start":{"line":47,"column":4},"end":{"line":47,"column":67}},"21":{"start":{"line":49,"column":18},"end":{"line":52,"column":3}},"22":{"start":{"line":54,"column":18},"end":{"line":57,"column":3}},"23":{"start":{"line":58,"column":2},"end":{"line":58,"column":17}}},"fnMap":{"0":{"name":"parseQueryString","decl":{"start":{"line":4,"column":16},"end":{"line":4,"column":32}},"loc":{"start":{"line":4,"column":35},"end":{"line":43,"column":1}},"line":4},"1":{"name":"(anonymous_1)","decl":{"start":{"line":17,"column":18},"end":{"line":17,"column":19}},"loc":{"start":{"line":17,"column":27},"end":{"line":22,"column":3}},"line":17},"2":{"name":"(anonymous_2)","decl":{"start":{"line":25,"column":9},"end":{"line":25,"column":10}},"loc":{"start":{"line":25,"column":15},"end":{"line":25,"column":19}},"line":25},"3":{"name":"(anonymous_3)","decl":{"start":{"line":26,"column":9},"end":{"line":26,"column":10}},"loc":{"start":{"line":26,"column":16},"end":{"line":26,"column":25}},"line":26},"4":{"name":"(anonymous_4)","decl":{"start":{"line":27,"column":9},"end":{"line":27,"column":10}},"loc":{"start":{"line":27,"column":25},"end":{"line":30,"column":5}},"line":27},"5":{"name":"(anonymous_5)","decl":{"start":{"line":31,"column":12},"end":{"line":31,"column":13}},"loc":{"start":{"line":31,"column":19},"end":{"line":34,"column":5}},"line":31},"6":{"name":"(anonymous_6)","decl":{"start":{"line":35,"column":19},"end":{"line":35,"column":20}},"loc":{"start":{"line":35,"column":33},"end":{"line":38,"column":5}},"line":35},"7":{"name":"parse","decl":{"start":{"line":45,"column":24},"end":{"line":45,"column":29}},"loc":{"start":{"line":45,"column":35},"end":{"line":59,"column":1}},"line":45}},"branchMap":{"0":{"loc":{"start":{"line":5,"column":10},"end":{"line":5,"column":22}},"type":"default-arg","locations":[{"start":{"line":5,"column":20},"end":{"line":5,"column":22}}],"line":5},"1":{"loc":{"start":{"line":46,"column":2},"end":{"line":48,"column":3}},"type":"if","locations":[{"start":{"line":46,"column":2},"end":{"line":48,"column":3}},{"start":{"line":46,"column":2},"end":{"line":48,"column":3}}],"line":46}},"s":{"0":8,"1":8,"2":8,"3":8,"4":8,"5":8,"6":8,"7":15,"8":15,"9":8,"10":1,"11":2,"12":3,"13":3,"14":2,"15":2,"16":1,"17":1,"18":8,"19":11,"20":1,"21":10,"22":10,"23":10},"f":{"0":8,"1":15,"2":1,"3":2,"4":3,"5":2,"6":1,"7":11},"b":{"0":[1],"1":[1,10]},"_coverageSchema":"43e27e138ebf9cfc5966b082cf9a028302ed4184","hash":"7b16a67886ace2276f8612030bc9d184463f3c3b"}
,"/home/abdul/Code/Web/qps-utils/src/utils.js": {"path":"/home/abdul/Code/Web/qps-utils/src/utils.js","statementMap":{"0":{"start":{"line":1,"column":33},"end":{"line":2,"column":41}},"1":{"start":{"line":2,"column":2},"end":{"line":2,"column":41}}},"fnMap":{"0":{"name":"(anonymous_0)","decl":{"start":{"line":1,"column":33},"end":{"line":1,"column":34}},"loc":{"start":{"line":2,"column":2},"end":{"line":2,"column":41}},"line":2}},"branchMap":{"0":{"loc":{"start":{"line":2,"column":2},"end":{"line":2,"column":41}},"type":"binary-expr","locations":[{"start":{"line":2,"column":2},"end":{"line":2,"column":17}},{"start":{"line":2,"column":21},"end":{"line":2,"column":41}}],"line":2}},"s":{"0":4,"1":22},"f":{"0":22},"b":{"0":[22,22]},"_coverageSchema":"43e27e138ebf9cfc5966b082cf9a028302ed4184","hash":"2bc640aa0b5f386fd524b77f0fa82503f51fc818"}
}
