{"/Users/yml/Documents/web/qps-utils/src/constructUrl.js": {"path":"/Users/yml/Documents/web/qps-utils/src/constructUrl.js","statementMap":{"0":{"start":{"line":4,"column":12},"end":{"line":4,"column":14}},"1":{"start":{"line":5,"column":16},"end":{"line":5,"column":18}},"2":{"start":{"line":7,"column":22},"end":{"line":7,"column":78}},"3":{"start":{"line":9,"column":2},"end":{"line":11,"column":3}},"4":{"start":{"line":10,"column":4},"end":{"line":10,"column":14}},"5":{"start":{"line":13,"column":2},"end":{"line":19,"column":3}},"6":{"start":{"line":14,"column":4},"end":{"line":14,"column":24}},"7":{"start":{"line":16,"column":4},"end":{"line":18,"column":5}},"8":{"start":{"line":17,"column":6},"end":{"line":17,"column":17}},"9":{"start":{"line":21,"column":19},"end":{"line":21,"column":43}},"10":{"start":{"line":22,"column":2},"end":{"line":36,"column":5}},"11":{"start":{"line":23,"column":23},"end":{"line":23,"column":46}},"12":{"start":{"line":24,"column":18},"end":{"line":24,"column":34}},"13":{"start":{"line":25,"column":4},"end":{"line":35,"column":5}},"14":{"start":{"line":26,"column":6},"end":{"line":30,"column":8}},"15":{"start":{"line":27,"column":29},"end":{"line":27,"column":58}},"16":{"start":{"line":28,"column":8},"end":{"line":28,"column":59}},"17":{"start":{"line":29,"column":8},"end":{"line":29,"column":24}},"18":{"start":{"line":32,"column":27},"end":{"line":32,"column":74}},"19":{"start":{"line":33,"column":6},"end":{"line":33,"column":57}},"20":{"start":{"line":34,"column":6},"end":{"line":34,"column":22}},"21":{"start":{"line":38,"column":2},"end":{"line":38,"column":13}}},"fnMap":{"0":{"name":"constructUrl","decl":{"start":{"line":3,"column":24},"end":{"line":3,"column":36}},"loc":{"start":{"line":3,"column":50},"end":{"line":39,"column":1}},"line":3},"1":{"name":"(anonymous_1)","decl":{"start":{"line":22,"column":19},"end":{"line":22,"column":20}},"loc":{"start":{"line":22,"column":26},"end":{"line":36,"column":3}},"line":22},"2":{"name":"(anonymous_2)","decl":{"start":{"line":26,"column":20},"end":{"line":26,"column":21}},"loc":{"start":{"line":26,"column":33},"end":{"line":30,"column":7}},"line":26}},"branchMap":{"0":{"loc":{"start":{"line":7,"column":22},"end":{"line":7,"column":78}},"type":"cond-expr","locations":[{"start":{"line":7,"column":55},"end":{"line":7,"column":64}},{"start":{"line":7,"column":67},"end":{"line":7,"column":78}}],"line":7},"1":{"loc":{"start":{"line":9,"column":2},"end":{"line":11,"column":3}},"type":"if","locations":[{"start":{"line":9,"column":2},"end":{"line":11,"column":3}},{"start":{"line":9,"column":2},"end":{"line":11,"column":3}}],"line":9},"2":{"loc":{"start":{"line":13,"column":2},"end":{"line":19,"column":3}},"type":"if","locations":[{"start":{"line":13,"column":2},"end":{"line":19,"column":3}},{"start":{"line":13,"column":2},"end":{"line":19,"column":3}}],"line":13},"3":{"loc":{"start":{"line":13,"column":6},"end":{"line":13,"column":65}},"type":"binary-expr","locations":[{"start":{"line":13,"column":6},"end":{"line":13,"column":38}},{"start":{"line":13,"column":42},"end":{"line":13,"column":65}}],"line":13},"4":{"loc":{"start":{"line":16,"column":4},"end":{"line":18,"column":5}},"type":"if","locations":[{"start":{"line":16,"column":4},"end":{"line":18,"column":5}},{"start":{"line":16,"column":4},"end":{"line":18,"column":5}}],"line":16},"5":{"loc":{"start":{"line":25,"column":4},"end":{"line":35,"column":5}},"type":"if","locations":[{"start":{"line":25,"column":4},"end":{"line":35,"column":5}},{"start":{"line":25,"column":4},"end":{"line":35,"column":5}}],"line":25},"6":{"loc":{"start":{"line":32,"column":46},"end":{"line":32,"column":73}},"type":"cond-expr","locations":[{"start":{"line":32,"column":61},"end":{"line":32,"column":65}},{"start":{"line":32,"column":68},"end":{"line":32,"column":73}}],"line":32}},"s":{"0":16,"1":16,"2":16,"3":16,"4":1,"5":15,"6":7,"7":7,"8":6,"9":15,"10":15,"11":29,"12":29,"13":29,"14":2,"15":7,"16":7,"17":7,"18":27,"19":27,"20":27,"21":15},"f":{"0":16,"1":29,"2":7},"b":{"0":[10,6],"1":[1,15],"2":[7,8],"3":[15,9],"4":[6,1],"5":[2,27],"6":[2,25]},"_coverageSchema":"43e27e138ebf9cfc5966b082cf9a028302ed4184","hash":"a0df46ae1d80c331c0be3172c15b70354fb65e02"}
,"/Users/yml/Documents/web/qps-utils/src/index.js": {"path":"/Users/yml/Documents/web/qps-utils/src/index.js","statementMap":{"0":{"start":{"line":6,"column":17},"end":{"line":6,"column":64}}},"fnMap":{},"branchMap":{},"s":{"0":1},"f":{},"b":{},"_coverageSchema":"43e27e138ebf9cfc5966b082cf9a028302ed4184","hash":"86781e6abd5575f676fd9fcbde757072c02f12f0"}
,"/Users/yml/Documents/web/qps-utils/src/parse.js": {"path":"/Users/yml/Documents/web/qps-utils/src/parse.js","statementMap":{"0":{"start":{"line":5,"column":27},"end":{"line":5,"column":31}},"1":{"start":{"line":7,"column":23},"end":{"line":7,"column":43}},"2":{"start":{"line":8,"column":22},"end":{"line":8,"column":57}},"3":{"start":{"line":9,"column":18},"end":{"line":9,"column":40}},"4":{"start":{"line":11,"column":18},"end":{"line":14,"column":3}},"5":{"start":{"line":16,"column":19},"end":{"line":16,"column":26}},"6":{"start":{"line":17,"column":2},"end":{"line":22,"column":5}},"7":{"start":{"line":18,"column":25},"end":{"line":18,"column":41}},"8":{"start":{"line":19,"column":23},"end":{"line":19,"column":58}},"9":{"start":{"line":20,"column":23},"end":{"line":20,"column":76}},"10":{"start":{"line":21,"column":4},"end":{"line":21,"column":36}},"11":{"start":{"line":24,"column":18},"end":{"line":40,"column":3}},"12":{"start":{"line":25,"column":15},"end":{"line":25,"column":19}},"13":{"start":{"line":26,"column":16},"end":{"line":26,"column":25}},"14":{"start":{"line":28,"column":6},"end":{"line":28,"column":64}},"15":{"start":{"line":29,"column":6},"end":{"line":29,"column":21}},"16":{"start":{"line":32,"column":6},"end":{"line":32,"column":43}},"17":{"start":{"line":33,"column":6},"end":{"line":33,"column":21}},"18":{"start":{"line":36,"column":6},"end":{"line":36,"column":35}},"19":{"start":{"line":37,"column":6},"end":{"line":37,"column":21}},"20":{"start":{"line":42,"column":2},"end":{"line":42,"column":17}},"21":{"start":{"line":46,"column":2},"end":{"line":48,"column":3}},"22":{"start":{"line":47,"column":4},"end":{"line":47,"column":67}},"23":{"start":{"line":49,"column":18},"end":{"line":52,"column":3}},"24":{"start":{"line":54,"column":18},"end":{"line":57,"column":3}},"25":{"start":{"line":58,"column":2},"end":{"line":58,"column":17}},"26":{"start":{"line":62,"column":2},"end":{"line":63,"column":16}},"27":{"start":{"line":63,"column":4},"end":{"line":63,"column":16}},"28":{"start":{"line":64,"column":2},"end":{"line":65,"column":16}},"29":{"start":{"line":65,"column":4},"end":{"line":65,"column":16}},"30":{"start":{"line":67,"column":2},"end":{"line":69,"column":3}},"31":{"start":{"line":68,"column":4},"end":{"line":68,"column":34}},"32":{"start":{"line":70,"column":2},"end":{"line":70,"column":21}}},"fnMap":{"0":{"name":"parseQueryString","decl":{"start":{"line":4,"column":16},"end":{"line":4,"column":32}},"loc":{"start":{"line":4,"column":35},"end":{"line":43,"column":1}},"line":4},"1":{"name":"(anonymous_1)","decl":{"start":{"line":17,"column":18},"end":{"line":17,"column":19}},"loc":{"start":{"line":17,"column":27},"end":{"line":22,"column":3}},"line":17},"2":{"name":"(anonymous_2)","decl":{"start":{"line":25,"column":9},"end":{"line":25,"column":10}},"loc":{"start":{"line":25,"column":15},"end":{"line":25,"column":19}},"line":25},"3":{"name":"(anonymous_3)","decl":{"start":{"line":26,"column":9},"end":{"line":26,"column":10}},"loc":{"start":{"line":26,"column":16},"end":{"line":26,"column":25}},"line":26},"4":{"name":"(anonymous_4)","decl":{"start":{"line":27,"column":9},"end":{"line":27,"column":10}},"loc":{"start":{"line":27,"column":25},"end":{"line":30,"column":5}},"line":27},"5":{"name":"(anonymous_5)","decl":{"start":{"line":31,"column":12},"end":{"line":31,"column":13}},"loc":{"start":{"line":31,"column":19},"end":{"line":34,"column":5}},"line":31},"6":{"name":"(anonymous_6)","decl":{"start":{"line":35,"column":19},"end":{"line":35,"column":20}},"loc":{"start":{"line":35,"column":33},"end":{"line":38,"column":5}},"line":35},"7":{"name":"parse","decl":{"start":{"line":45,"column":24},"end":{"line":45,"column":29}},"loc":{"start":{"line":45,"column":35},"end":{"line":59,"column":1}},"line":45},"8":{"name":"convertIfBoolean","decl":{"start":{"line":61,"column":9},"end":{"line":61,"column":25}},"loc":{"start":{"line":61,"column":39},"end":{"line":71,"column":1}},"line":61}},"branchMap":{"0":{"loc":{"start":{"line":5,"column":10},"end":{"line":5,"column":22}},"type":"default-arg","locations":[{"start":{"line":5,"column":20},"end":{"line":5,"column":22}}],"line":5},"1":{"loc":{"start":{"line":46,"column":2},"end":{"line":48,"column":3}},"type":"if","locations":[{"start":{"line":46,"column":2},"end":{"line":48,"column":3}},{"start":{"line":46,"column":2},"end":{"line":48,"column":3}}],"line":46},"2":{"loc":{"start":{"line":62,"column":2},"end":{"line":63,"column":16}},"type":"if","locations":[{"start":{"line":62,"column":2},"end":{"line":63,"column":16}},{"start":{"line":62,"column":2},"end":{"line":63,"column":16}}],"line":62},"3":{"loc":{"start":{"line":64,"column":2},"end":{"line":65,"column":16}},"type":"if","locations":[{"start":{"line":64,"column":2},"end":{"line":65,"column":16}},{"start":{"line":64,"column":2},"end":{"line":65,"column":16}}],"line":64},"4":{"loc":{"start":{"line":67,"column":2},"end":{"line":69,"column":3}},"type":"if","locations":[{"start":{"line":67,"column":2},"end":{"line":69,"column":3}},{"start":{"line":67,"column":2},"end":{"line":69,"column":3}}],"line":67},"5":{"loc":{"start":{"line":67,"column":6},"end":{"line":67,"column":55}},"type":"binary-expr","locations":[{"start":{"line":67,"column":6},"end":{"line":67,"column":28}},{"start":{"line":67,"column":32},"end":{"line":67,"column":55}}],"line":67}},"s":{"0":12,"1":12,"2":12,"3":12,"4":12,"5":12,"6":12,"7":26,"8":26,"9":26,"10":26,"11":12,"12":4,"13":2,"14":4,"15":4,"16":2,"17":2,"18":1,"19":1,"20":12,"21":15,"22":1,"23":14,"24":14,"25":14,"26":26,"27":2,"28":24,"29":1,"30":23,"31":3,"32":20},"f":{"0":12,"1":26,"2":4,"3":2,"4":4,"5":2,"6":1,"7":15,"8":26},"b":{"0":[1],"1":[1,14],"2":[2,24],"3":[1,23],"4":[3,20],"5":[23,20]},"_coverageSchema":"43e27e138ebf9cfc5966b082cf9a028302ed4184","hash":"a4833d0d915c8e1b9ca17da810b565b9dc05b494"}
}
