TN:
SF:/home/abdul/Code/Web/qps-utils/src/add.js
FN:3,add
FN:11,(anonymous_1)
FNF:2
FNH:2
FNDA:3,add
FNDA:3,(anonymous_1)
DA:4,3
DA:10,3
DA:12,3
DA:13,3
DA:18,3
LF:5
LH:5
BRF:0
BRH:0
end_of_record
TN:
SF:/home/abdul/Code/Web/qps-utils/src/baseUrl.js
FN:3,getBaseUrl
FN:12,baseUrl
FN:19,(anonymous_2)
FNF:3
FNH:3
FNDA:3,getBaseUrl
FNDA:4,baseUrl
FNDA:2,(anonymous_2)
DA:4,3
DA:5,3
DA:6,3
DA:7,1
DA:9,2
DA:13,4
DA:18,4
DA:20,2
DA:21,2
DA:26,4
LF:10
LH:10
BRDA:6,0,0,1
BRDA:6,0,1,2
BRF:2
BRH:2
end_of_record
TN:
SF:/home/abdul/Code/Web/qps-utils/src/constructUrl.js
FN:3,constructUrl
FN:22,(anonymous_1)
FNF:2
FNH:2
FNDA:11,constructUrl
FNDA:19,(anonymous_1)
DA:4,11
DA:5,11
DA:7,11
DA:9,11
DA:10,1
DA:13,10
DA:14,7
DA:16,7
DA:17,6
DA:21,10
DA:22,10
DA:23,19
DA:26,19
DA:29,10
LF:14
LH:14
BRDA:7,0,0,9
BRDA:7,0,1,2
BRDA:9,1,0,1
BRDA:9,1,1,10
BRDA:13,2,0,7
BRDA:13,2,1,3
BRDA:13,3,0,10
BRDA:13,3,1,8
BRDA:16,4,0,6
BRDA:16,4,1,1
BRF:10
BRH:10
end_of_record
TN:
SF:/home/abdul/Code/Web/qps-utils/src/index.js
FNF:0
FNH:0
LF:0
LH:0
BRF:0
BRH:0
end_of_record
TN:
SF:/home/abdul/Code/Web/qps-utils/src/parse.js
FN:4,parseQueryString
FN:17,(anonymous_1)
FN:25,(anonymous_2)
FN:26,(anonymous_3)
FN:27,(anonymous_4)
FN:31,(anonymous_5)
FN:35,(anonymous_6)
FN:45,parse
FNF:8
FNH:8
FNDA:8,parseQueryString
FNDA:15,(anonymous_1)
FNDA:1,(anonymous_2)
FNDA:2,(anonymous_3)
FNDA:3,(anonymous_4)
FNDA:2,(anonymous_5)
FNDA:1,(anonymous_6)
FNDA:11,parse
DA:5,8
DA:7,8
DA:8,8
DA:9,8
DA:11,8
DA:16,8
DA:17,8
DA:18,15
DA:19,15
DA:24,8
DA:25,1
DA:26,2
DA:28,3
DA:29,3
DA:32,2
DA:33,2
DA:36,1
DA:37,1
DA:42,8
DA:46,11
DA:47,1
DA:49,10
DA:54,10
DA:58,10
LF:24
LH:24
BRDA:5,0,0,1
BRDA:46,1,0,1
BRDA:46,1,1,10
BRF:3
BRH:3
end_of_record
TN:
SF:/home/abdul/Code/Web/qps-utils/src/utils.js
FN:1,(anonymous_0)
FNF:1
FNH:1
FNDA:22,(anonymous_0)
DA:1,4
DA:2,22
LF:2
LH:2
BRDA:2,0,0,22
BRDA:2,0,1,22
BRF:2
BRH:2
end_of_record
