TN:
SF:/Users/yml/Documents/web/qps-utils/src/constructUrl.js
FN:3,constructUrl
FN:22,(anonymous_1)
FN:26,(anonymous_2)
FNF:3
FNH:3
FNDA:16,constructUrl
FNDA:29,(anonymous_1)
FNDA:7,(anonymous_2)
DA:4,16
DA:5,16
DA:7,16
DA:9,16
DA:10,1
DA:13,15
DA:14,7
DA:16,7
DA:17,6
DA:21,15
DA:22,15
DA:23,29
DA:24,29
DA:25,29
DA:26,2
DA:27,7
DA:28,7
DA:29,7
DA:32,27
DA:33,27
DA:34,27
DA:38,15
LF:22
LH:22
BRDA:7,0,0,10
BRDA:7,0,1,6
BRDA:9,1,0,1
BRDA:9,1,1,15
BRDA:13,2,0,7
BRDA:13,2,1,8
BRDA:13,3,0,15
BRDA:13,3,1,9
BRDA:16,4,0,6
BRDA:16,4,1,1
BRDA:25,5,0,2
BRDA:25,5,1,27
BRDA:32,6,0,2
BRDA:32,6,1,25
BRF:14
BRH:14
end_of_record
TN:
SF:/Users/yml/Documents/web/qps-utils/src/index.js
FNF:0
FNH:0
DA:6,1
LF:1
LH:1
BRF:0
BRH:0
end_of_record
TN:
SF:/Users/yml/Documents/web/qps-utils/src/parse.js
FN:4,parseQueryString
FN:17,(anonymous_1)
FN:25,(anonymous_2)
FN:26,(anonymous_3)
FN:27,(anonymous_4)
FN:31,(anonymous_5)
FN:35,(anonymous_6)
FN:45,parse
FN:61,convertIfBoolean
FNF:9
FNH:9
FNDA:12,parseQueryString
FNDA:26,(anonymous_1)
FNDA:4,(anonymous_2)
FNDA:2,(anonymous_3)
FNDA:4,(anonymous_4)
FNDA:2,(anonymous_5)
FNDA:1,(anonymous_6)
FNDA:15,parse
FNDA:26,convertIfBoolean
DA:5,12
DA:7,12
DA:8,12
DA:9,12
DA:11,12
DA:16,12
DA:17,12
DA:18,26
DA:19,26
DA:20,26
DA:21,26
DA:24,12
DA:25,4
DA:26,2
DA:28,4
DA:29,4
DA:32,2
DA:33,2
DA:36,1
DA:37,1
DA:42,12
DA:46,15
DA:47,1
DA:49,14
DA:54,14
DA:58,14
DA:62,26
DA:63,2
DA:64,24
DA:65,1
DA:67,23
DA:68,3
DA:70,20
LF:33
LH:33
BRDA:5,0,0,1
BRDA:46,1,0,1
BRDA:46,1,1,14
BRDA:62,2,0,2
BRDA:62,2,1,24
BRDA:64,3,0,1
BRDA:64,3,1,23
BRDA:67,4,0,3
BRDA:67,4,1,20
BRDA:67,5,0,23
BRDA:67,5,1,20
BRF:11
BRH:11
end_of_record
